CRITICAL - 2023-10-07 01:29:51 --> Undefined variable $main
in APPPATH\Views\dash\body.php on line 148.
 1 APPPATH\Views\dash\body.php(148): CodeIgniter\Debug\Exceptions->errorHandler(2, 'Undefined variable $main', 'C:\\laragon\\www\\ecom\\app\\Views\\dash\\body.php', 148)
 2 SYSTEMPATH\View\View.php(226): include('C:\\laragon\\www\\ecom\\app\\Views\\dash\\body.php')
 3 SYSTEMPATH\View\View.php(229): CodeIgniter\View\View->CodeIgniter\View\{closure}()
 4 SYSTEMPATH\Common.php(1188): CodeIgniter\View\View->render('dash/body.php', [], true)
 5 APPPATH\Views\dash.php(6): view('dash/body.php')
 6 SYSTEMPATH\View\View.php(226): include('C:\\laragon\\www\\ecom\\app\\Views\\dash.php')
 7 SYSTEMPATH\View\View.php(229): CodeIgniter\View\View->CodeIgniter\View\{closure}()
 8 SYSTEMPATH\Common.php(1188): CodeIgniter\View\View->render('dash', [], true)
 9 APPPATH\Controllers\UserController.php(24): view('dash')
10 SYSTEMPATH\CodeIgniter.php(919): App\Controllers\UserController->dash()
11 SYSTEMPATH\CodeIgniter.php(494): CodeIgniter\CodeIgniter->runController(Object(App\Controllers\UserController))
12 SYSTEMPATH\CodeIgniter.php(353): CodeIgniter\CodeIgniter->handleRequest(null, Object(Config\Cache), false)
13 FCPATH\index.php(79): CodeIgniter\CodeIgniter->run()
14 SYSTEMPATH\Commands\Server\rewrite.php(47): require_once('C:\\laragon\\www\\ecom\\public\\index.php')
CRITICAL - 2023-10-07 01:31:45 --> Undefined variable $products
in APPPATH\Views\dash\body.php on line 346.
 1 APPPATH\Views\dash\body.php(346): CodeIgniter\Debug\Exceptions->errorHandler(2, 'Undefined variable $products', 'C:\\laragon\\www\\ecom\\app\\Views\\dash\\body.php', 346)
 2 SYSTEMPATH\View\View.php(226): include('C:\\laragon\\www\\ecom\\app\\Views\\dash\\body.php')
 3 SYSTEMPATH\View\View.php(229): CodeIgniter\View\View->CodeIgniter\View\{closure}()
 4 SYSTEMPATH\Common.php(1188): CodeIgniter\View\View->render('dash/body.php', [], true)
 5 APPPATH\Views\dash.php(6): view('dash/body.php')
 6 SYSTEMPATH\View\View.php(226): include('C:\\laragon\\www\\ecom\\app\\Views\\dash.php')
 7 SYSTEMPATH\View\View.php(229): CodeIgniter\View\View->CodeIgniter\View\{closure}()
 8 SYSTEMPATH\Common.php(1188): CodeIgniter\View\View->render('dash', [], true)
 9 APPPATH\Controllers\UserController.php(24): view('dash')
10 SYSTEMPATH\CodeIgniter.php(919): App\Controllers\UserController->dash()
11 SYSTEMPATH\CodeIgniter.php(494): CodeIgniter\CodeIgniter->runController(Object(App\Controllers\UserController))
12 SYSTEMPATH\CodeIgniter.php(353): CodeIgniter\CodeIgniter->handleRequest(null, Object(Config\Cache), false)
13 FCPATH\index.php(79): CodeIgniter\CodeIgniter->run()
14 SYSTEMPATH\Commands\Server\rewrite.php(47): require_once('C:\\laragon\\www\\ecom\\public\\index.php')
CRITICAL - 2023-10-07 01:37:16 --> Undefined variable $products
in APPPATH\Views\dash\body.php on line 346.
 1 APPPATH\Views\dash\body.php(346): CodeIgniter\Debug\Exceptions->errorHandler(2, 'Undefined variable $products', 'C:\\laragon\\www\\ecom\\app\\Views\\dash\\body.php', 346)
 2 SYSTEMPATH\View\View.php(226): include('C:\\laragon\\www\\ecom\\app\\Views\\dash\\body.php')
 3 SYSTEMPATH\View\View.php(229): CodeIgniter\View\View->CodeIgniter\View\{closure}()
 4 SYSTEMPATH\Common.php(1188): CodeIgniter\View\View->render('dash/body.php', [], true)
 5 APPPATH\Views\dash.php(6): view('dash/body.php')
 6 SYSTEMPATH\View\View.php(226): include('C:\\laragon\\www\\ecom\\app\\Views\\dash.php')
 7 SYSTEMPATH\View\View.php(229): CodeIgniter\View\View->CodeIgniter\View\{closure}()
 8 SYSTEMPATH\Common.php(1188): CodeIgniter\View\View->render('dash', [], true)
 9 APPPATH\Controllers\UserController.php(24): view('dash')
10 SYSTEMPATH\CodeIgniter.php(919): App\Controllers\UserController->dash()
11 SYSTEMPATH\CodeIgniter.php(494): CodeIgniter\CodeIgniter->runController(Object(App\Controllers\UserController))
12 SYSTEMPATH\CodeIgniter.php(353): CodeIgniter\CodeIgniter->handleRequest(null, Object(Config\Cache), false)
13 FCPATH\index.php(79): CodeIgniter\CodeIgniter->run()
14 SYSTEMPATH\Commands\Server\rewrite.php(47): require_once('C:\\laragon\\www\\ecom\\public\\index.php')
CRITICAL - 2023-10-07 01:43:44 --> Undefined variable $products
in APPPATH\Views\dash\body.php on line 346.
 1 APPPATH\Views\dash\body.php(346): CodeIgniter\Debug\Exceptions->errorHandler(2, 'Undefined variable $products', 'C:\\laragon\\www\\ecom\\app\\Views\\dash\\body.php', 346)
 2 SYSTEMPATH\View\View.php(226): include('C:\\laragon\\www\\ecom\\app\\Views\\dash\\body.php')
 3 SYSTEMPATH\View\View.php(229): CodeIgniter\View\View->CodeIgniter\View\{closure}()
 4 SYSTEMPATH\Common.php(1188): CodeIgniter\View\View->render('dash/body.php', [], true)
 5 APPPATH\Views\dash.php(6): view('dash/body.php')
 6 SYSTEMPATH\View\View.php(226): include('C:\\laragon\\www\\ecom\\app\\Views\\dash.php')
 7 SYSTEMPATH\View\View.php(229): CodeIgniter\View\View->CodeIgniter\View\{closure}()
 8 SYSTEMPATH\Common.php(1188): CodeIgniter\View\View->render('dash', [], true)
 9 APPPATH\Controllers\UserController.php(24): view('dash')
10 SYSTEMPATH\CodeIgniter.php(919): App\Controllers\UserController->dash()
11 SYSTEMPATH\CodeIgniter.php(494): CodeIgniter\CodeIgniter->runController(Object(App\Controllers\UserController))
12 SYSTEMPATH\CodeIgniter.php(353): CodeIgniter\CodeIgniter->handleRequest(null, Object(Config\Cache), false)
13 FCPATH\index.php(79): CodeIgniter\CodeIgniter->run()
14 SYSTEMPATH\Commands\Server\rewrite.php(47): require_once('C:\\laragon\\www\\ecom\\public\\index.php')
CRITICAL - 2023-10-07 01:43:47 --> Undefined variable $products
in APPPATH\Views\dash\body.php on line 346.
 1 APPPATH\Views\dash\body.php(346): CodeIgniter\Debug\Exceptions->errorHandler(2, 'Undefined variable $products', 'C:\\laragon\\www\\ecom\\app\\Views\\dash\\body.php', 346)
 2 SYSTEMPATH\View\View.php(226): include('C:\\laragon\\www\\ecom\\app\\Views\\dash\\body.php')
 3 SYSTEMPATH\View\View.php(229): CodeIgniter\View\View->CodeIgniter\View\{closure}()
 4 SYSTEMPATH\Common.php(1188): CodeIgniter\View\View->render('dash/body.php', [], true)
 5 APPPATH\Views\dash.php(6): view('dash/body.php')
 6 SYSTEMPATH\View\View.php(226): include('C:\\laragon\\www\\ecom\\app\\Views\\dash.php')
 7 SYSTEMPATH\View\View.php(229): CodeIgniter\View\View->CodeIgniter\View\{closure}()
 8 SYSTEMPATH\Common.php(1188): CodeIgniter\View\View->render('dash', [], true)
 9 APPPATH\Controllers\UserController.php(24): view('dash')
10 SYSTEMPATH\CodeIgniter.php(919): App\Controllers\UserController->dash()
11 SYSTEMPATH\CodeIgniter.php(494): CodeIgniter\CodeIgniter->runController(Object(App\Controllers\UserController))
12 SYSTEMPATH\CodeIgniter.php(353): CodeIgniter\CodeIgniter->handleRequest(null, Object(Config\Cache), false)
13 FCPATH\index.php(79): CodeIgniter\CodeIgniter->run()
14 SYSTEMPATH\Commands\Server\rewrite.php(47): require_once('C:\\laragon\\www\\ecom\\public\\index.php')
CRITICAL - 2023-10-07 01:44:25 --> Undefined variable $products
in APPPATH\Views\dash\body.php on line 346.
 1 APPPATH\Views\dash\body.php(346): CodeIgniter\Debug\Exceptions->errorHandler(2, 'Undefined variable $products', 'C:\\laragon\\www\\ecom\\app\\Views\\dash\\body.php', 346)
 2 SYSTEMPATH\View\View.php(226): include('C:\\laragon\\www\\ecom\\app\\Views\\dash\\body.php')
 3 SYSTEMPATH\View\View.php(229): CodeIgniter\View\View->CodeIgniter\View\{closure}()
 4 SYSTEMPATH\Common.php(1188): CodeIgniter\View\View->render('dash/body.php', [], true)
 5 APPPATH\Views\dash.php(6): view('dash/body.php')
 6 SYSTEMPATH\View\View.php(226): include('C:\\laragon\\www\\ecom\\app\\Views\\dash.php')
 7 SYSTEMPATH\View\View.php(229): CodeIgniter\View\View->CodeIgniter\View\{closure}()
 8 SYSTEMPATH\Common.php(1188): CodeIgniter\View\View->render('dash', [], true)
 9 APPPATH\Controllers\UserController.php(24): view('dash')
10 SYSTEMPATH\CodeIgniter.php(919): App\Controllers\UserController->dash()
11 SYSTEMPATH\CodeIgniter.php(494): CodeIgniter\CodeIgniter->runController(Object(App\Controllers\UserController))
12 SYSTEMPATH\CodeIgniter.php(353): CodeIgniter\CodeIgniter->handleRequest(null, Object(Config\Cache), false)
13 FCPATH\index.php(79): CodeIgniter\CodeIgniter->run()
14 SYSTEMPATH\Commands\Server\rewrite.php(47): require_once('C:\\laragon\\www\\ecom\\public\\index.php')
CRITICAL - 2023-10-07 01:44:26 --> Undefined variable $products
in APPPATH\Views\dash\body.php on line 346.
 1 APPPATH\Views\dash\body.php(346): CodeIgniter\Debug\Exceptions->errorHandler(2, 'Undefined variable $products', 'C:\\laragon\\www\\ecom\\app\\Views\\dash\\body.php', 346)
 2 SYSTEMPATH\View\View.php(226): include('C:\\laragon\\www\\ecom\\app\\Views\\dash\\body.php')
 3 SYSTEMPATH\View\View.php(229): CodeIgniter\View\View->CodeIgniter\View\{closure}()
 4 SYSTEMPATH\Common.php(1188): CodeIgniter\View\View->render('dash/body.php', [], true)
 5 APPPATH\Views\dash.php(6): view('dash/body.php')
 6 SYSTEMPATH\View\View.php(226): include('C:\\laragon\\www\\ecom\\app\\Views\\dash.php')
 7 SYSTEMPATH\View\View.php(229): CodeIgniter\View\View->CodeIgniter\View\{closure}()
 8 SYSTEMPATH\Common.php(1188): CodeIgniter\View\View->render('dash', [], true)
 9 APPPATH\Controllers\UserController.php(24): view('dash')
10 SYSTEMPATH\CodeIgniter.php(919): App\Controllers\UserController->dash()
11 SYSTEMPATH\CodeIgniter.php(494): CodeIgniter\CodeIgniter->runController(Object(App\Controllers\UserController))
12 SYSTEMPATH\CodeIgniter.php(353): CodeIgniter\CodeIgniter->handleRequest(null, Object(Config\Cache), false)
13 FCPATH\index.php(79): CodeIgniter\CodeIgniter->run()
14 SYSTEMPATH\Commands\Server\rewrite.php(47): require_once('C:\\laragon\\www\\ecom\\public\\index.php')
CRITICAL - 2023-10-07 01:45:50 --> Undefined variable $products
in APPPATH\Views\dash\body.php on line 346.
 1 APPPATH\Views\dash\body.php(346): CodeIgniter\Debug\Exceptions->errorHandler(2, 'Undefined variable $products', 'C:\\laragon\\www\\ecom\\app\\Views\\dash\\body.php', 346)
 2 SYSTEMPATH\View\View.php(226): include('C:\\laragon\\www\\ecom\\app\\Views\\dash\\body.php')
 3 SYSTEMPATH\View\View.php(229): CodeIgniter\View\View->CodeIgniter\View\{closure}()
 4 SYSTEMPATH\Common.php(1188): CodeIgniter\View\View->render('dash/body.php', [], true)
 5 APPPATH\Views\dash.php(6): view('dash/body.php')
 6 SYSTEMPATH\View\View.php(226): include('C:\\laragon\\www\\ecom\\app\\Views\\dash.php')
 7 SYSTEMPATH\View\View.php(229): CodeIgniter\View\View->CodeIgniter\View\{closure}()
 8 SYSTEMPATH\Common.php(1188): CodeIgniter\View\View->render('dash', [], true)
 9 APPPATH\Controllers\UserController.php(24): view('dash')
10 SYSTEMPATH\CodeIgniter.php(919): App\Controllers\UserController->dash()
11 SYSTEMPATH\CodeIgniter.php(494): CodeIgniter\CodeIgniter->runController(Object(App\Controllers\UserController))
12 SYSTEMPATH\CodeIgniter.php(353): CodeIgniter\CodeIgniter->handleRequest(null, Object(Config\Cache), false)
13 FCPATH\index.php(79): CodeIgniter\CodeIgniter->run()
14 SYSTEMPATH\Commands\Server\rewrite.php(47): require_once('C:\\laragon\\www\\ecom\\public\\index.php')
CRITICAL - 2023-10-07 01:46:26 --> Undefined variable $products
in APPPATH\Views\dash\body.php on line 350.
 1 APPPATH\Views\dash\body.php(350): CodeIgniter\Debug\Exceptions->errorHandler(2, 'Undefined variable $products', 'C:\\laragon\\www\\ecom\\app\\Views\\dash\\body.php', 350)
 2 SYSTEMPATH\View\View.php(226): include('C:\\laragon\\www\\ecom\\app\\Views\\dash\\body.php')
 3 SYSTEMPATH\View\View.php(229): CodeIgniter\View\View->CodeIgniter\View\{closure}()
 4 SYSTEMPATH\Common.php(1188): CodeIgniter\View\View->render('dash/body.php', [], true)
 5 APPPATH\Views\dash.php(6): view('dash/body.php')
 6 SYSTEMPATH\View\View.php(226): include('C:\\laragon\\www\\ecom\\app\\Views\\dash.php')
 7 SYSTEMPATH\View\View.php(229): CodeIgniter\View\View->CodeIgniter\View\{closure}()
 8 SYSTEMPATH\Common.php(1188): CodeIgniter\View\View->render('dash', [], true)
 9 APPPATH\Controllers\UserController.php(24): view('dash')
10 SYSTEMPATH\CodeIgniter.php(919): App\Controllers\UserController->dash()
11 SYSTEMPATH\CodeIgniter.php(494): CodeIgniter\CodeIgniter->runController(Object(App\Controllers\UserController))
12 SYSTEMPATH\CodeIgniter.php(353): CodeIgniter\CodeIgniter->handleRequest(null, Object(Config\Cache), false)
13 FCPATH\index.php(79): CodeIgniter\CodeIgniter->run()
14 SYSTEMPATH\Commands\Server\rewrite.php(47): require_once('C:\\laragon\\www\\ecom\\public\\index.php')
CRITICAL - 2023-10-07 01:47:27 --> Undefined variable $products
in APPPATH\Views\dash\body.php on line 346.
 1 APPPATH\Views\dash\body.php(346): CodeIgniter\Debug\Exceptions->errorHandler(2, 'Undefined variable $products', 'C:\\laragon\\www\\ecom\\app\\Views\\dash\\body.php', 346)
 2 SYSTEMPATH\View\View.php(226): include('C:\\laragon\\www\\ecom\\app\\Views\\dash\\body.php')
 3 SYSTEMPATH\View\View.php(229): CodeIgniter\View\View->CodeIgniter\View\{closure}()
 4 SYSTEMPATH\Common.php(1188): CodeIgniter\View\View->render('dash/body.php', [], true)
 5 APPPATH\Views\dash.php(6): view('dash/body.php')
 6 SYSTEMPATH\View\View.php(226): include('C:\\laragon\\www\\ecom\\app\\Views\\dash.php')
 7 SYSTEMPATH\View\View.php(229): CodeIgniter\View\View->CodeIgniter\View\{closure}()
 8 SYSTEMPATH\Common.php(1188): CodeIgniter\View\View->render('dash', [], true)
 9 APPPATH\Controllers\UserController.php(24): view('dash')
10 SYSTEMPATH\CodeIgniter.php(919): App\Controllers\UserController->dash()
11 SYSTEMPATH\CodeIgniter.php(494): CodeIgniter\CodeIgniter->runController(Object(App\Controllers\UserController))
12 SYSTEMPATH\CodeIgniter.php(353): CodeIgniter\CodeIgniter->handleRequest(null, Object(Config\Cache), false)
13 FCPATH\index.php(79): CodeIgniter\CodeIgniter->run()
14 SYSTEMPATH\Commands\Server\rewrite.php(47): require_once('C:\\laragon\\www\\ecom\\public\\index.php')
CRITICAL - 2023-10-07 01:47:50 --> Undefined variable $main
in APPPATH\Views\dash\body.php on line 346.
 1 APPPATH\Views\dash\body.php(346): CodeIgniter\Debug\Exceptions->errorHandler(2, 'Undefined variable $main', 'C:\\laragon\\www\\ecom\\app\\Views\\dash\\body.php', 346)
 2 SYSTEMPATH\View\View.php(226): include('C:\\laragon\\www\\ecom\\app\\Views\\dash\\body.php')
 3 SYSTEMPATH\View\View.php(229): CodeIgniter\View\View->CodeIgniter\View\{closure}()
 4 SYSTEMPATH\Common.php(1188): CodeIgniter\View\View->render('dash/body.php', [], true)
 5 APPPATH\Views\dash.php(6): view('dash/body.php')
 6 SYSTEMPATH\View\View.php(226): include('C:\\laragon\\www\\ecom\\app\\Views\\dash.php')
 7 SYSTEMPATH\View\View.php(229): CodeIgniter\View\View->CodeIgniter\View\{closure}()
 8 SYSTEMPATH\Common.php(1188): CodeIgniter\View\View->render('dash', [], true)
 9 APPPATH\Controllers\UserController.php(24): view('dash')
10 SYSTEMPATH\CodeIgniter.php(919): App\Controllers\UserController->dash()
11 SYSTEMPATH\CodeIgniter.php(494): CodeIgniter\CodeIgniter->runController(Object(App\Controllers\UserController))
12 SYSTEMPATH\CodeIgniter.php(353): CodeIgniter\CodeIgniter->handleRequest(null, Object(Config\Cache), false)
13 FCPATH\index.php(79): CodeIgniter\CodeIgniter->run()
14 SYSTEMPATH\Commands\Server\rewrite.php(47): require_once('C:\\laragon\\www\\ecom\\public\\index.php')
CRITICAL - 2023-10-07 01:48:20 --> Undefined variable $data
in APPPATH\Views\dash\body.php on line 346.
 1 APPPATH\Views\dash\body.php(346): CodeIgniter\Debug\Exceptions->errorHandler(2, 'Undefined variable $data', 'C:\\laragon\\www\\ecom\\app\\Views\\dash\\body.php', 346)
 2 SYSTEMPATH\View\View.php(226): include('C:\\laragon\\www\\ecom\\app\\Views\\dash\\body.php')
 3 SYSTEMPATH\View\View.php(229): CodeIgniter\View\View->CodeIgniter\View\{closure}()
 4 SYSTEMPATH\Common.php(1188): CodeIgniter\View\View->render('dash/body.php', [], true)
 5 APPPATH\Views\dash.php(6): view('dash/body.php')
 6 SYSTEMPATH\View\View.php(226): include('C:\\laragon\\www\\ecom\\app\\Views\\dash.php')
 7 SYSTEMPATH\View\View.php(229): CodeIgniter\View\View->CodeIgniter\View\{closure}()
 8 SYSTEMPATH\Common.php(1188): CodeIgniter\View\View->render('dash', [], true)
 9 APPPATH\Controllers\UserController.php(24): view('dash')
10 SYSTEMPATH\CodeIgniter.php(919): App\Controllers\UserController->dash()
11 SYSTEMPATH\CodeIgniter.php(494): CodeIgniter\CodeIgniter->runController(Object(App\Controllers\UserController))
12 SYSTEMPATH\CodeIgniter.php(353): CodeIgniter\CodeIgniter->handleRequest(null, Object(Config\Cache), false)
13 FCPATH\index.php(79): CodeIgniter\CodeIgniter->run()
14 SYSTEMPATH\Commands\Server\rewrite.php(47): require_once('C:\\laragon\\www\\ecom\\public\\index.php')
CRITICAL - 2023-10-07 01:53:21 --> Undefined variable $products
in APPPATH\Views\dash\crud.php on line 34.
 1 APPPATH\Views\dash\crud.php(34): CodeIgniter\Debug\Exceptions->errorHandler(2, 'Undefined variable $products', 'C:\\laragon\\www\\ecom\\app\\Views\\dash\\crud.php', 34)
 2 SYSTEMPATH\View\View.php(226): include('C:\\laragon\\www\\ecom\\app\\Views\\dash\\crud.php')
 3 SYSTEMPATH\View\View.php(229): CodeIgniter\View\View->CodeIgniter\View\{closure}()
 4 SYSTEMPATH\Common.php(1188): CodeIgniter\View\View->render('dash/crud.php', [], true)
 5 APPPATH\Views\dash.php(7): view('dash/crud.php')
 6 SYSTEMPATH\View\View.php(226): include('C:\\laragon\\www\\ecom\\app\\Views\\dash.php')
 7 SYSTEMPATH\View\View.php(229): CodeIgniter\View\View->CodeIgniter\View\{closure}()
 8 SYSTEMPATH\Common.php(1188): CodeIgniter\View\View->render('dash', [], true)
 9 APPPATH\Controllers\UserController.php(24): view('dash')
10 SYSTEMPATH\CodeIgniter.php(919): App\Controllers\UserController->dash()
11 SYSTEMPATH\CodeIgniter.php(494): CodeIgniter\CodeIgniter->runController(Object(App\Controllers\UserController))
12 SYSTEMPATH\CodeIgniter.php(353): CodeIgniter\CodeIgniter->handleRequest(null, Object(Config\Cache), false)
13 FCPATH\index.php(79): CodeIgniter\CodeIgniter->run()
14 SYSTEMPATH\Commands\Server\rewrite.php(47): require_once('C:\\laragon\\www\\ecom\\public\\index.php')
