CRITICAL - 2023-10-06 12:50:42 --> Class "App\Controllers\UserModel" not found
in APPPATH\Controllers\AdminController.php on line 43.
 1 SYSTEMPATH\CodeIgniter.php(919): App\Controllers\AdminController->authlogin()
 2 SYSTEMPATH\CodeIgniter.php(494): CodeIgniter\CodeIgniter->runController(Object(App\Controllers\AdminController))
 3 SYSTEMPATH\CodeIgniter.php(353): CodeIgniter\CodeIgniter->handleRequest(null, Object(Config\Cache), false)
 4 FCPATH\index.php(79): CodeIgniter\CodeIgniter->run()
 5 SYSTEMPATH\Commands\Server\rewrite.php(47): require_once('C:\\laragon\\www\\ecom\\public\\index.php')
CRITICAL - 2023-10-06 12:54:52 --> Undefined variable $main
in APPPATH\Views\dash\body.php on line 329.
 1 APPPATH\Views\dash\body.php(329): CodeIgniter\Debug\Exceptions->errorHandler(2, 'Undefined variable $main', 'C:\\laragon\\www\\ecom\\app\\Views\\dash\\body.php', 329)
 2 SYSTEMPATH\View\View.php(226): include('C:\\laragon\\www\\ecom\\app\\Views\\dash\\body.php')
 3 SYSTEMPATH\View\View.php(229): CodeIgniter\View\View->CodeIgniter\View\{closure}()
 4 SYSTEMPATH\Common.php(1188): CodeIgniter\View\View->render('dash/body.php', [], true)
 5 APPPATH\Views\dash.php(6): view('dash/body.php')
 6 SYSTEMPATH\View\View.php(226): include('C:\\laragon\\www\\ecom\\app\\Views\\dash.php')
 7 SYSTEMPATH\View\View.php(229): CodeIgniter\View\View->CodeIgniter\View\{closure}()
 8 SYSTEMPATH\Common.php(1188): CodeIgniter\View\View->render('dash', [], true)
 9 APPPATH\Controllers\UserController.php(24): view('dash')
10 SYSTEMPATH\CodeIgniter.php(919): App\Controllers\UserController->dash()
11 SYSTEMPATH\CodeIgniter.php(494): CodeIgniter\CodeIgniter->runController(Object(App\Controllers\UserController))
12 SYSTEMPATH\CodeIgniter.php(353): CodeIgniter\CodeIgniter->handleRequest(null, Object(Config\Cache), false)
13 FCPATH\index.php(79): CodeIgniter\CodeIgniter->run()
14 SYSTEMPATH\Commands\Server\rewrite.php(47): require_once('C:\\laragon\\www\\ecom\\public\\index.php')
CRITICAL - 2023-10-06 12:55:48 --> Undefined variable $main
in APPPATH\Views\dash\body.php on line 329.
 1 APPPATH\Views\dash\body.php(329): CodeIgniter\Debug\Exceptions->errorHandler(2, 'Undefined variable $main', 'C:\\laragon\\www\\ecom\\app\\Views\\dash\\body.php', 329)
 2 SYSTEMPATH\View\View.php(226): include('C:\\laragon\\www\\ecom\\app\\Views\\dash\\body.php')
 3 SYSTEMPATH\View\View.php(229): CodeIgniter\View\View->CodeIgniter\View\{closure}()
 4 SYSTEMPATH\Common.php(1188): CodeIgniter\View\View->render('dash/body.php', [], true)
 5 APPPATH\Views\dash.php(6): view('dash/body.php')
 6 SYSTEMPATH\View\View.php(226): include('C:\\laragon\\www\\ecom\\app\\Views\\dash.php')
 7 SYSTEMPATH\View\View.php(229): CodeIgniter\View\View->CodeIgniter\View\{closure}()
 8 SYSTEMPATH\Common.php(1188): CodeIgniter\View\View->render('dash', [], true)
 9 APPPATH\Controllers\UserController.php(24): view('dash')
10 SYSTEMPATH\CodeIgniter.php(919): App\Controllers\UserController->dash()
11 SYSTEMPATH\CodeIgniter.php(494): CodeIgniter\CodeIgniter->runController(Object(App\Controllers\UserController))
12 SYSTEMPATH\CodeIgniter.php(353): CodeIgniter\CodeIgniter->handleRequest(null, Object(Config\Cache), false)
13 FCPATH\index.php(79): CodeIgniter\CodeIgniter->run()
14 SYSTEMPATH\Commands\Server\rewrite.php(47): require_once('C:\\laragon\\www\\ecom\\public\\index.php')
CRITICAL - 2023-10-06 12:55:49 --> Undefined variable $main
in APPPATH\Views\dash\body.php on line 329.
 1 APPPATH\Views\dash\body.php(329): CodeIgniter\Debug\Exceptions->errorHandler(2, 'Undefined variable $main', 'C:\\laragon\\www\\ecom\\app\\Views\\dash\\body.php', 329)
 2 SYSTEMPATH\View\View.php(226): include('C:\\laragon\\www\\ecom\\app\\Views\\dash\\body.php')
 3 SYSTEMPATH\View\View.php(229): CodeIgniter\View\View->CodeIgniter\View\{closure}()
 4 SYSTEMPATH\Common.php(1188): CodeIgniter\View\View->render('dash/body.php', [], true)
 5 APPPATH\Views\dash.php(6): view('dash/body.php')
 6 SYSTEMPATH\View\View.php(226): include('C:\\laragon\\www\\ecom\\app\\Views\\dash.php')
 7 SYSTEMPATH\View\View.php(229): CodeIgniter\View\View->CodeIgniter\View\{closure}()
 8 SYSTEMPATH\Common.php(1188): CodeIgniter\View\View->render('dash', [], true)
 9 APPPATH\Controllers\UserController.php(24): view('dash')
10 SYSTEMPATH\CodeIgniter.php(919): App\Controllers\UserController->dash()
11 SYSTEMPATH\CodeIgniter.php(494): CodeIgniter\CodeIgniter->runController(Object(App\Controllers\UserController))
12 SYSTEMPATH\CodeIgniter.php(353): CodeIgniter\CodeIgniter->handleRequest(null, Object(Config\Cache), false)
13 FCPATH\index.php(79): CodeIgniter\CodeIgniter->run()
14 SYSTEMPATH\Commands\Server\rewrite.php(47): require_once('C:\\laragon\\www\\ecom\\public\\index.php')
CRITICAL - 2023-10-06 12:58:14 --> Undefined variable $main
in APPPATH\Views\dash\body.php on line 329.
 1 APPPATH\Views\dash\body.php(329): CodeIgniter\Debug\Exceptions->errorHandler(2, 'Undefined variable $main', 'C:\\laragon\\www\\ecom\\app\\Views\\dash\\body.php', 329)
 2 SYSTEMPATH\View\View.php(226): include('C:\\laragon\\www\\ecom\\app\\Views\\dash\\body.php')
 3 SYSTEMPATH\View\View.php(229): CodeIgniter\View\View->CodeIgniter\View\{closure}()
 4 SYSTEMPATH\Common.php(1188): CodeIgniter\View\View->render('dash/body.php', [], true)
 5 APPPATH\Views\dash.php(6): view('dash/body.php')
 6 SYSTEMPATH\View\View.php(226): include('C:\\laragon\\www\\ecom\\app\\Views\\dash.php')
 7 SYSTEMPATH\View\View.php(229): CodeIgniter\View\View->CodeIgniter\View\{closure}()
 8 SYSTEMPATH\Common.php(1188): CodeIgniter\View\View->render('dash', [], true)
 9 APPPATH\Controllers\UserController.php(24): view('dash')
10 SYSTEMPATH\CodeIgniter.php(919): App\Controllers\UserController->dash()
11 SYSTEMPATH\CodeIgniter.php(494): CodeIgniter\CodeIgniter->runController(Object(App\Controllers\UserController))
12 SYSTEMPATH\CodeIgniter.php(353): CodeIgniter\CodeIgniter->handleRequest(null, Object(Config\Cache), false)
13 FCPATH\index.php(79): CodeIgniter\CodeIgniter->run()
14 SYSTEMPATH\Commands\Server\rewrite.php(47): require_once('C:\\laragon\\www\\ecom\\public\\index.php')
CRITICAL - 2023-10-06 13:00:50 --> Undefined variable $main
in APPPATH\Views\dash\body.php on line 329.
 1 APPPATH\Views\dash\body.php(329): CodeIgniter\Debug\Exceptions->errorHandler(2, 'Undefined variable $main', 'C:\\laragon\\www\\ecom\\app\\Views\\dash\\body.php', 329)
 2 SYSTEMPATH\View\View.php(226): include('C:\\laragon\\www\\ecom\\app\\Views\\dash\\body.php')
 3 SYSTEMPATH\View\View.php(229): CodeIgniter\View\View->CodeIgniter\View\{closure}()
 4 SYSTEMPATH\Common.php(1188): CodeIgniter\View\View->render('dash/body.php', [], true)
 5 APPPATH\Views\dash.php(6): view('dash/body.php')
 6 SYSTEMPATH\View\View.php(226): include('C:\\laragon\\www\\ecom\\app\\Views\\dash.php')
 7 SYSTEMPATH\View\View.php(229): CodeIgniter\View\View->CodeIgniter\View\{closure}()
 8 SYSTEMPATH\Common.php(1188): CodeIgniter\View\View->render('dash', [], true)
 9 APPPATH\Controllers\UserController.php(24): view('dash')
10 SYSTEMPATH\CodeIgniter.php(919): App\Controllers\UserController->dash()
11 SYSTEMPATH\CodeIgniter.php(494): CodeIgniter\CodeIgniter->runController(Object(App\Controllers\UserController))
12 SYSTEMPATH\CodeIgniter.php(353): CodeIgniter\CodeIgniter->handleRequest(null, Object(Config\Cache), false)
13 FCPATH\index.php(79): CodeIgniter\CodeIgniter->run()
14 SYSTEMPATH\Commands\Server\rewrite.php(47): require_once('C:\\laragon\\www\\ecom\\public\\index.php')
CRITICAL - 2023-10-06 13:00:52 --> Undefined variable $main
in APPPATH\Views\dash\body.php on line 329.
 1 APPPATH\Views\dash\body.php(329): CodeIgniter\Debug\Exceptions->errorHandler(2, 'Undefined variable $main', 'C:\\laragon\\www\\ecom\\app\\Views\\dash\\body.php', 329)
 2 SYSTEMPATH\View\View.php(226): include('C:\\laragon\\www\\ecom\\app\\Views\\dash\\body.php')
 3 SYSTEMPATH\View\View.php(229): CodeIgniter\View\View->CodeIgniter\View\{closure}()
 4 SYSTEMPATH\Common.php(1188): CodeIgniter\View\View->render('dash/body.php', [], true)
 5 APPPATH\Views\dash.php(6): view('dash/body.php')
 6 SYSTEMPATH\View\View.php(226): include('C:\\laragon\\www\\ecom\\app\\Views\\dash.php')
 7 SYSTEMPATH\View\View.php(229): CodeIgniter\View\View->CodeIgniter\View\{closure}()
 8 SYSTEMPATH\Common.php(1188): CodeIgniter\View\View->render('dash', [], true)
 9 APPPATH\Controllers\UserController.php(24): view('dash')
10 SYSTEMPATH\CodeIgniter.php(919): App\Controllers\UserController->dash()
11 SYSTEMPATH\CodeIgniter.php(494): CodeIgniter\CodeIgniter->runController(Object(App\Controllers\UserController))
12 SYSTEMPATH\CodeIgniter.php(353): CodeIgniter\CodeIgniter->handleRequest(null, Object(Config\Cache), false)
13 FCPATH\index.php(79): CodeIgniter\CodeIgniter->run()
14 SYSTEMPATH\Commands\Server\rewrite.php(47): require_once('C:\\laragon\\www\\ecom\\public\\index.php')
CRITICAL - 2023-10-06 13:01:00 --> Undefined variable $main
in APPPATH\Views\dash\body.php on line 329.
 1 APPPATH\Views\dash\body.php(329): CodeIgniter\Debug\Exceptions->errorHandler(2, 'Undefined variable $main', 'C:\\laragon\\www\\ecom\\app\\Views\\dash\\body.php', 329)
 2 SYSTEMPATH\View\View.php(226): include('C:\\laragon\\www\\ecom\\app\\Views\\dash\\body.php')
 3 SYSTEMPATH\View\View.php(229): CodeIgniter\View\View->CodeIgniter\View\{closure}()
 4 SYSTEMPATH\Common.php(1188): CodeIgniter\View\View->render('dash/body.php', [], true)
 5 APPPATH\Views\dash.php(6): view('dash/body.php')
 6 SYSTEMPATH\View\View.php(226): include('C:\\laragon\\www\\ecom\\app\\Views\\dash.php')
 7 SYSTEMPATH\View\View.php(229): CodeIgniter\View\View->CodeIgniter\View\{closure}()
 8 SYSTEMPATH\Common.php(1188): CodeIgniter\View\View->render('dash', [], true)
 9 APPPATH\Controllers\UserController.php(24): view('dash')
10 SYSTEMPATH\CodeIgniter.php(919): App\Controllers\UserController->dash()
11 SYSTEMPATH\CodeIgniter.php(494): CodeIgniter\CodeIgniter->runController(Object(App\Controllers\UserController))
12 SYSTEMPATH\CodeIgniter.php(353): CodeIgniter\CodeIgniter->handleRequest(null, Object(Config\Cache), false)
13 FCPATH\index.php(79): CodeIgniter\CodeIgniter->run()
14 SYSTEMPATH\Commands\Server\rewrite.php(47): require_once('C:\\laragon\\www\\ecom\\public\\index.php')
CRITICAL - 2023-10-06 13:02:42 --> Undefined variable $main
in APPPATH\Views\dash\body.php on line 329.
 1 APPPATH\Views\dash\body.php(329): CodeIgniter\Debug\Exceptions->errorHandler(2, 'Undefined variable $main', 'C:\\laragon\\www\\ecom\\app\\Views\\dash\\body.php', 329)
 2 SYSTEMPATH\View\View.php(226): include('C:\\laragon\\www\\ecom\\app\\Views\\dash\\body.php')
 3 SYSTEMPATH\View\View.php(229): CodeIgniter\View\View->CodeIgniter\View\{closure}()
 4 SYSTEMPATH\Common.php(1188): CodeIgniter\View\View->render('dash/body.php', [], true)
 5 APPPATH\Views\dash.php(6): view('dash/body.php')
 6 SYSTEMPATH\View\View.php(226): include('C:\\laragon\\www\\ecom\\app\\Views\\dash.php')
 7 SYSTEMPATH\View\View.php(229): CodeIgniter\View\View->CodeIgniter\View\{closure}()
 8 SYSTEMPATH\Common.php(1188): CodeIgniter\View\View->render('dash', [], true)
 9 APPPATH\Controllers\UserController.php(24): view('dash')
10 SYSTEMPATH\CodeIgniter.php(919): App\Controllers\UserController->dash()
11 SYSTEMPATH\CodeIgniter.php(494): CodeIgniter\CodeIgniter->runController(Object(App\Controllers\UserController))
12 SYSTEMPATH\CodeIgniter.php(353): CodeIgniter\CodeIgniter->handleRequest(null, Object(Config\Cache), false)
13 FCPATH\index.php(79): CodeIgniter\CodeIgniter->run()
14 SYSTEMPATH\Commands\Server\rewrite.php(47): require_once('C:\\laragon\\www\\ecom\\public\\index.php')
CRITICAL - 2023-10-06 13:02:43 --> Undefined variable $main
in APPPATH\Views\dash\body.php on line 329.
 1 APPPATH\Views\dash\body.php(329): CodeIgniter\Debug\Exceptions->errorHandler(2, 'Undefined variable $main', 'C:\\laragon\\www\\ecom\\app\\Views\\dash\\body.php', 329)
 2 SYSTEMPATH\View\View.php(226): include('C:\\laragon\\www\\ecom\\app\\Views\\dash\\body.php')
 3 SYSTEMPATH\View\View.php(229): CodeIgniter\View\View->CodeIgniter\View\{closure}()
 4 SYSTEMPATH\Common.php(1188): CodeIgniter\View\View->render('dash/body.php', [], true)
 5 APPPATH\Views\dash.php(6): view('dash/body.php')
 6 SYSTEMPATH\View\View.php(226): include('C:\\laragon\\www\\ecom\\app\\Views\\dash.php')
 7 SYSTEMPATH\View\View.php(229): CodeIgniter\View\View->CodeIgniter\View\{closure}()
 8 SYSTEMPATH\Common.php(1188): CodeIgniter\View\View->render('dash', [], true)
 9 APPPATH\Controllers\UserController.php(24): view('dash')
10 SYSTEMPATH\CodeIgniter.php(919): App\Controllers\UserController->dash()
11 SYSTEMPATH\CodeIgniter.php(494): CodeIgniter\CodeIgniter->runController(Object(App\Controllers\UserController))
12 SYSTEMPATH\CodeIgniter.php(353): CodeIgniter\CodeIgniter->handleRequest(null, Object(Config\Cache), false)
13 FCPATH\index.php(79): CodeIgniter\CodeIgniter->run()
14 SYSTEMPATH\Commands\Server\rewrite.php(47): require_once('C:\\laragon\\www\\ecom\\public\\index.php')
CRITICAL - 2023-10-06 13:12:25 --> Undefined variable $main
in APPPATH\Views\dash\body.php on line 329.
 1 APPPATH\Views\dash\body.php(329): CodeIgniter\Debug\Exceptions->errorHandler(2, 'Undefined variable $main', 'C:\\laragon\\www\\ecom\\app\\Views\\dash\\body.php', 329)
 2 SYSTEMPATH\View\View.php(226): include('C:\\laragon\\www\\ecom\\app\\Views\\dash\\body.php')
 3 SYSTEMPATH\View\View.php(229): CodeIgniter\View\View->CodeIgniter\View\{closure}()
 4 SYSTEMPATH\Common.php(1188): CodeIgniter\View\View->render('dash/body.php', [], true)
 5 APPPATH\Views\dash.php(6): view('dash/body.php')
 6 SYSTEMPATH\View\View.php(226): include('C:\\laragon\\www\\ecom\\app\\Views\\dash.php')
 7 SYSTEMPATH\View\View.php(229): CodeIgniter\View\View->CodeIgniter\View\{closure}()
 8 SYSTEMPATH\Common.php(1188): CodeIgniter\View\View->render('dash', [], true)
 9 APPPATH\Controllers\UserController.php(24): view('dash')
10 SYSTEMPATH\CodeIgniter.php(919): App\Controllers\UserController->dash()
11 SYSTEMPATH\CodeIgniter.php(494): CodeIgniter\CodeIgniter->runController(Object(App\Controllers\UserController))
12 SYSTEMPATH\CodeIgniter.php(353): CodeIgniter\CodeIgniter->handleRequest(null, Object(Config\Cache), false)
13 FCPATH\index.php(79): CodeIgniter\CodeIgniter->run()
14 SYSTEMPATH\Commands\Server\rewrite.php(47): require_once('C:\\laragon\\www\\ecom\\public\\index.php')
CRITICAL - 2023-10-06 13:19:49 --> Undefined variable $main
in APPPATH\Views\dash\body.php on line 327.
 1 APPPATH\Views\dash\body.php(327): CodeIgniter\Debug\Exceptions->errorHandler(2, 'Undefined variable $main', 'C:\\laragon\\www\\ecom\\app\\Views\\dash\\body.php', 327)
 2 SYSTEMPATH\View\View.php(226): include('C:\\laragon\\www\\ecom\\app\\Views\\dash\\body.php')
 3 SYSTEMPATH\View\View.php(229): CodeIgniter\View\View->CodeIgniter\View\{closure}()
 4 SYSTEMPATH\Common.php(1188): CodeIgniter\View\View->render('dash/body.php', [], true)
 5 APPPATH\Views\dash.php(6): view('dash/body.php')
 6 SYSTEMPATH\View\View.php(226): include('C:\\laragon\\www\\ecom\\app\\Views\\dash.php')
 7 SYSTEMPATH\View\View.php(229): CodeIgniter\View\View->CodeIgniter\View\{closure}()
 8 SYSTEMPATH\Common.php(1188): CodeIgniter\View\View->render('dash', [], true)
 9 APPPATH\Controllers\UserController.php(24): view('dash')
10 SYSTEMPATH\CodeIgniter.php(919): App\Controllers\UserController->dash()
11 SYSTEMPATH\CodeIgniter.php(494): CodeIgniter\CodeIgniter->runController(Object(App\Controllers\UserController))
12 SYSTEMPATH\CodeIgniter.php(353): CodeIgniter\CodeIgniter->handleRequest(null, Object(Config\Cache), false)
13 FCPATH\index.php(79): CodeIgniter\CodeIgniter->run()
14 SYSTEMPATH\Commands\Server\rewrite.php(47): require_once('C:\\laragon\\www\\ecom\\public\\index.php')
CRITICAL - 2023-10-06 13:21:45 --> Undefined variable $main
in APPPATH\Views\dash\body.php on line 327.
 1 APPPATH\Views\dash\body.php(327): CodeIgniter\Debug\Exceptions->errorHandler(2, 'Undefined variable $main', 'C:\\laragon\\www\\ecom\\app\\Views\\dash\\body.php', 327)
 2 SYSTEMPATH\View\View.php(226): include('C:\\laragon\\www\\ecom\\app\\Views\\dash\\body.php')
 3 SYSTEMPATH\View\View.php(229): CodeIgniter\View\View->CodeIgniter\View\{closure}()
 4 SYSTEMPATH\Common.php(1188): CodeIgniter\View\View->render('dash/body.php', [], true)
 5 APPPATH\Views\dash.php(6): view('dash/body.php')
 6 SYSTEMPATH\View\View.php(226): include('C:\\laragon\\www\\ecom\\app\\Views\\dash.php')
 7 SYSTEMPATH\View\View.php(229): CodeIgniter\View\View->CodeIgniter\View\{closure}()
 8 SYSTEMPATH\Common.php(1188): CodeIgniter\View\View->render('dash', [], true)
 9 APPPATH\Controllers\UserController.php(24): view('dash')
10 SYSTEMPATH\CodeIgniter.php(919): App\Controllers\UserController->dash()
11 SYSTEMPATH\CodeIgniter.php(494): CodeIgniter\CodeIgniter->runController(Object(App\Controllers\UserController))
12 SYSTEMPATH\CodeIgniter.php(353): CodeIgniter\CodeIgniter->handleRequest(null, Object(Config\Cache), false)
13 FCPATH\index.php(79): CodeIgniter\CodeIgniter->run()
14 SYSTEMPATH\Commands\Server\rewrite.php(47): require_once('C:\\laragon\\www\\ecom\\public\\index.php')
CRITICAL - 2023-10-06 13:22:51 --> Undefined variable $products
in APPPATH\Views\dash\body.php on line 327.
 1 APPPATH\Views\dash\body.php(327): CodeIgniter\Debug\Exceptions->errorHandler(2, 'Undefined variable $products', 'C:\\laragon\\www\\ecom\\app\\Views\\dash\\body.php', 327)
 2 SYSTEMPATH\View\View.php(226): include('C:\\laragon\\www\\ecom\\app\\Views\\dash\\body.php')
 3 SYSTEMPATH\View\View.php(229): CodeIgniter\View\View->CodeIgniter\View\{closure}()
 4 SYSTEMPATH\Common.php(1188): CodeIgniter\View\View->render('dash/body.php', [], true)
 5 APPPATH\Views\dash.php(6): view('dash/body.php')
 6 SYSTEMPATH\View\View.php(226): include('C:\\laragon\\www\\ecom\\app\\Views\\dash.php')
 7 SYSTEMPATH\View\View.php(229): CodeIgniter\View\View->CodeIgniter\View\{closure}()
 8 SYSTEMPATH\Common.php(1188): CodeIgniter\View\View->render('dash', [], true)
 9 APPPATH\Controllers\UserController.php(24): view('dash')
10 SYSTEMPATH\CodeIgniter.php(919): App\Controllers\UserController->dash()
11 SYSTEMPATH\CodeIgniter.php(494): CodeIgniter\CodeIgniter->runController(Object(App\Controllers\UserController))
12 SYSTEMPATH\CodeIgniter.php(353): CodeIgniter\CodeIgniter->handleRequest(null, Object(Config\Cache), false)
13 FCPATH\index.php(79): CodeIgniter\CodeIgniter->run()
14 SYSTEMPATH\Commands\Server\rewrite.php(47): require_once('C:\\laragon\\www\\ecom\\public\\index.php')
CRITICAL - 2023-10-06 13:26:07 --> Undefined variable $products
in APPPATH\Views\dash\body.php on line 313.
 1 APPPATH\Views\dash\body.php(313): CodeIgniter\Debug\Exceptions->errorHandler(2, 'Undefined variable $products', 'C:\\laragon\\www\\ecom\\app\\Views\\dash\\body.php', 313)
 2 SYSTEMPATH\View\View.php(226): include('C:\\laragon\\www\\ecom\\app\\Views\\dash\\body.php')
 3 SYSTEMPATH\View\View.php(229): CodeIgniter\View\View->CodeIgniter\View\{closure}()
 4 SYSTEMPATH\Common.php(1188): CodeIgniter\View\View->render('dash/body.php', [], true)
 5 APPPATH\Views\dash.php(6): view('dash/body.php')
 6 SYSTEMPATH\View\View.php(226): include('C:\\laragon\\www\\ecom\\app\\Views\\dash.php')
 7 SYSTEMPATH\View\View.php(229): CodeIgniter\View\View->CodeIgniter\View\{closure}()
 8 SYSTEMPATH\Common.php(1188): CodeIgniter\View\View->render('dash', [], true)
 9 APPPATH\Controllers\UserController.php(24): view('dash')
10 SYSTEMPATH\CodeIgniter.php(919): App\Controllers\UserController->dash()
11 SYSTEMPATH\CodeIgniter.php(494): CodeIgniter\CodeIgniter->runController(Object(App\Controllers\UserController))
12 SYSTEMPATH\CodeIgniter.php(353): CodeIgniter\CodeIgniter->handleRequest(null, Object(Config\Cache), false)
13 FCPATH\index.php(79): CodeIgniter\CodeIgniter->run()
14 SYSTEMPATH\Commands\Server\rewrite.php(47): require_once('C:\\laragon\\www\\ecom\\public\\index.php')
CRITICAL - 2023-10-06 13:27:35 --> Undefined variable $products
in APPPATH\Views\dash\body.php on line 313.
 1 APPPATH\Views\dash\body.php(313): CodeIgniter\Debug\Exceptions->errorHandler(2, 'Undefined variable $products', 'C:\\laragon\\www\\ecom\\app\\Views\\dash\\body.php', 313)
 2 SYSTEMPATH\View\View.php(226): include('C:\\laragon\\www\\ecom\\app\\Views\\dash\\body.php')
 3 SYSTEMPATH\View\View.php(229): CodeIgniter\View\View->CodeIgniter\View\{closure}()
 4 SYSTEMPATH\Common.php(1188): CodeIgniter\View\View->render('dash/body.php', [], true)
 5 APPPATH\Views\dash.php(6): view('dash/body.php')
 6 SYSTEMPATH\View\View.php(226): include('C:\\laragon\\www\\ecom\\app\\Views\\dash.php')
 7 SYSTEMPATH\View\View.php(229): CodeIgniter\View\View->CodeIgniter\View\{closure}()
 8 SYSTEMPATH\Common.php(1188): CodeIgniter\View\View->render('dash', [], true)
 9 APPPATH\Controllers\UserController.php(24): view('dash')
10 SYSTEMPATH\CodeIgniter.php(919): App\Controllers\UserController->dash()
11 SYSTEMPATH\CodeIgniter.php(494): CodeIgniter\CodeIgniter->runController(Object(App\Controllers\UserController))
12 SYSTEMPATH\CodeIgniter.php(353): CodeIgniter\CodeIgniter->handleRequest(null, Object(Config\Cache), false)
13 FCPATH\index.php(79): CodeIgniter\CodeIgniter->run()
14 SYSTEMPATH\Commands\Server\rewrite.php(47): require_once('C:\\laragon\\www\\ecom\\public\\index.php')
CRITICAL - 2023-10-06 13:27:45 --> Undefined variable $products
in APPPATH\Views\dash\body.php on line 313.
 1 APPPATH\Views\dash\body.php(313): CodeIgniter\Debug\Exceptions->errorHandler(2, 'Undefined variable $products', 'C:\\laragon\\www\\ecom\\app\\Views\\dash\\body.php', 313)
 2 SYSTEMPATH\View\View.php(226): include('C:\\laragon\\www\\ecom\\app\\Views\\dash\\body.php')
 3 SYSTEMPATH\View\View.php(229): CodeIgniter\View\View->CodeIgniter\View\{closure}()
 4 SYSTEMPATH\Common.php(1188): CodeIgniter\View\View->render('dash/body.php', [], true)
 5 APPPATH\Views\dash.php(6): view('dash/body.php')
 6 SYSTEMPATH\View\View.php(226): include('C:\\laragon\\www\\ecom\\app\\Views\\dash.php')
 7 SYSTEMPATH\View\View.php(229): CodeIgniter\View\View->CodeIgniter\View\{closure}()
 8 SYSTEMPATH\Common.php(1188): CodeIgniter\View\View->render('dash', [], true)
 9 APPPATH\Controllers\UserController.php(24): view('dash')
10 SYSTEMPATH\CodeIgniter.php(919): App\Controllers\UserController->dash()
11 SYSTEMPATH\CodeIgniter.php(494): CodeIgniter\CodeIgniter->runController(Object(App\Controllers\UserController))
12 SYSTEMPATH\CodeIgniter.php(353): CodeIgniter\CodeIgniter->handleRequest(null, Object(Config\Cache), false)
13 FCPATH\index.php(79): CodeIgniter\CodeIgniter->run()
14 SYSTEMPATH\Commands\Server\rewrite.php(47): require_once('C:\\laragon\\www\\ecom\\public\\index.php')
CRITICAL - 2023-10-06 13:28:56 --> Undefined variable $products
in APPPATH\Views\dash\body.php on line 313.
 1 APPPATH\Views\dash\body.php(313): CodeIgniter\Debug\Exceptions->errorHandler(2, 'Undefined variable $products', 'C:\\laragon\\www\\ecom\\app\\Views\\dash\\body.php', 313)
 2 SYSTEMPATH\View\View.php(226): include('C:\\laragon\\www\\ecom\\app\\Views\\dash\\body.php')
 3 SYSTEMPATH\View\View.php(229): CodeIgniter\View\View->CodeIgniter\View\{closure}()
 4 SYSTEMPATH\Common.php(1188): CodeIgniter\View\View->render('dash/body.php', [], true)
 5 APPPATH\Views\dash.php(6): view('dash/body.php')
 6 SYSTEMPATH\View\View.php(226): include('C:\\laragon\\www\\ecom\\app\\Views\\dash.php')
 7 SYSTEMPATH\View\View.php(229): CodeIgniter\View\View->CodeIgniter\View\{closure}()
 8 SYSTEMPATH\Common.php(1188): CodeIgniter\View\View->render('dash', [], true)
 9 APPPATH\Controllers\UserController.php(24): view('dash')
10 SYSTEMPATH\CodeIgniter.php(919): App\Controllers\UserController->dash()
11 SYSTEMPATH\CodeIgniter.php(494): CodeIgniter\CodeIgniter->runController(Object(App\Controllers\UserController))
12 SYSTEMPATH\CodeIgniter.php(353): CodeIgniter\CodeIgniter->handleRequest(null, Object(Config\Cache), false)
13 FCPATH\index.php(79): CodeIgniter\CodeIgniter->run()
14 SYSTEMPATH\Commands\Server\rewrite.php(47): require_once('C:\\laragon\\www\\ecom\\public\\index.php')
CRITICAL - 2023-10-06 13:28:58 --> Undefined variable $products
in APPPATH\Views\dash\body.php on line 313.
 1 APPPATH\Views\dash\body.php(313): CodeIgniter\Debug\Exceptions->errorHandler(2, 'Undefined variable $products', 'C:\\laragon\\www\\ecom\\app\\Views\\dash\\body.php', 313)
 2 SYSTEMPATH\View\View.php(226): include('C:\\laragon\\www\\ecom\\app\\Views\\dash\\body.php')
 3 SYSTEMPATH\View\View.php(229): CodeIgniter\View\View->CodeIgniter\View\{closure}()
 4 SYSTEMPATH\Common.php(1188): CodeIgniter\View\View->render('dash/body.php', [], true)
 5 APPPATH\Views\dash.php(6): view('dash/body.php')
 6 SYSTEMPATH\View\View.php(226): include('C:\\laragon\\www\\ecom\\app\\Views\\dash.php')
 7 SYSTEMPATH\View\View.php(229): CodeIgniter\View\View->CodeIgniter\View\{closure}()
 8 SYSTEMPATH\Common.php(1188): CodeIgniter\View\View->render('dash', [], true)
 9 APPPATH\Controllers\UserController.php(24): view('dash')
10 SYSTEMPATH\CodeIgniter.php(919): App\Controllers\UserController->dash()
11 SYSTEMPATH\CodeIgniter.php(494): CodeIgniter\CodeIgniter->runController(Object(App\Controllers\UserController))
12 SYSTEMPATH\CodeIgniter.php(353): CodeIgniter\CodeIgniter->handleRequest(null, Object(Config\Cache), false)
13 FCPATH\index.php(79): CodeIgniter\CodeIgniter->run()
14 SYSTEMPATH\Commands\Server\rewrite.php(47): require_once('C:\\laragon\\www\\ecom\\public\\index.php')
